The target system is: Arduino -  - 
The host system is: Linux - 3.16.0-38-generic - x86_64
Compiling the C compiler identification source file "CMakeCCompilerId.c" succeeded.
Compiler: /usr/bin/avr-gcc 
Build flags: 
Id flags: 

The output was:
0


Compilation of the C compiler identification source "CMakeCCompilerId.c" produced "a.out"

The C compiler identification is GNU, found in "/home/ben/ClionProjects/Blackjack/build/CMakeFiles/3.2.2/CompilerIdC/a.out"

Compiling the CXX compiler identification source file "CMakeCXXCompilerId.cpp" succeeded.
Compiler: /usr/bin/avr-g++ 
Build flags: 
Id flags: 

The output was:
0


Compilation of the CXX compiler identification source "CMakeCXXCompilerId.cpp" produced "a.out"

The CXX compiler identification is GNU, found in "/home/ben/ClionProjects/Blackjack/build/CMakeFiles/3.2.2/CompilerIdCXX/a.out"

Determining if the C compiler works passed with the following output:
Change Dir: /home/ben/ClionProjects/Blackjack/build/CMakeFiles/CMakeTmp

Run Build Command:"/usr/bin/make" "cmTryCompileExec2101332003/fast"
/usr/bin/make -f CMakeFiles/cmTryCompileExec2101332003.dir/build.make CMakeFiles/cmTryCompileExec2101332003.dir/build
make[1]: Entering directory `/home/ben/ClionProjects/Blackjack/build/CMakeFiles/CMakeTmp'
/usr/bin/cmake -E cmake_progress_report /home/ben/ClionProjects/Blackjack/build/CMakeFiles/CMakeTmp/CMakeFiles 1
Building C object CMakeFiles/cmTryCompileExec2101332003.dir/testCCompiler.c.obj
/usr/bin/avr-gcc   -g -Os -w -ffunction-sections -fdata-sections -MMD    -o CMakeFiles/cmTryCompileExec2101332003.dir/testCCompiler.c.obj   -c /home/ben/ClionProjects/Blackjack/build/CMakeFiles/CMakeTmp/testCCompiler.c
Linking C executable cmTryCompileExec2101332003
/usr/bin/cmake -E cmake_link_script CMakeFiles/cmTryCompileExec2101332003.dir/link.txt --verbose=1
/usr/bin/avr-gcc  -g -Os -w -ffunction-sections -fdata-sections -MMD   -w -Os -Wl,--gc-sections  CMakeFiles/cmTryCompileExec2101332003.dir/testCCompiler.c.obj  -o cmTryCompileExec2101332003  
make[1]: Leaving directory `/home/ben/ClionProjects/Blackjack/build/CMakeFiles/CMakeTmp'


Detecting C compiler ABI info compiled with the following output:
Change Dir: /home/ben/ClionProjects/Blackjack/build/CMakeFiles/CMakeTmp

Run Build Command:"/usr/bin/make" "cmTryCompileExec2640400376/fast"
/usr/bin/make -f CMakeFiles/cmTryCompileExec2640400376.dir/build.make CMakeFiles/cmTryCompileExec2640400376.dir/build
make[1]: Entering directory `/home/ben/ClionProjects/Blackjack/build/CMakeFiles/CMakeTmp'
/usr/bin/cmake -E cmake_progress_report /home/ben/ClionProjects/Blackjack/build/CMakeFiles/CMakeTmp/CMakeFiles 1
Building C object CMakeFiles/cmTryCompileExec2640400376.dir/CMakeCCompilerABI.c.obj
/usr/bin/avr-gcc   -g -Os -w -ffunction-sections -fdata-sections -MMD    -o CMakeFiles/cmTryCompileExec2640400376.dir/CMakeCCompilerABI.c.obj   -c /usr/share/cmake-3.2/Modules/CMakeCCompilerABI.c
Linking C executable cmTryCompileExec2640400376
/usr/bin/cmake -E cmake_link_script CMakeFiles/cmTryCompileExec2640400376.dir/link.txt --verbose=1
/usr/bin/avr-gcc  -g -Os -w -ffunction-sections -fdata-sections -MMD   -w -Os -Wl,--gc-sections -v CMakeFiles/cmTryCompileExec2640400376.dir/CMakeCCompilerABI.c.obj  -o cmTryCompileExec2640400376   
Using built-in specs.
COLLECT_GCC=/usr/bin/avr-gcc
COLLECT_LTO_WRAPPER=/usr/lib/gcc/avr/4.8.2/lto-wrapper
Target: avr
Configured with: ../src/configure -v --enable-languages=c,c++ --prefix=/usr/lib --infodir=/usr/share/info --mandir=/usr/share/man --bindir=/usr/bin --libexecdir=/usr/lib --libdir=/usr/lib --enable-shared --with-system-zlib --enable-long-long --enable-nls --without-included-gettext --disable-libssp --build=x86_64-linux-gnu --host=x86_64-linux-gnu --target=avr
Thread model: single
gcc version 4.8.2 (GCC) 
COMPILER_PATH=/usr/lib/gcc/avr/4.8.2/:/usr/lib/gcc/avr/4.8.2/:/usr/lib/gcc/avr/:/usr/lib/gcc/avr/4.8.2/:/usr/lib/gcc/avr/:/usr/lib/gcc/avr/4.8.2/../../../avr/bin/
LIBRARY_PATH=/usr/lib/gcc/avr/4.8.2/:/usr/lib/gcc/avr/4.8.2/../../../avr/lib/
COLLECT_GCC_OPTIONS='-g' '-Os' '-w' '-ffunction-sections' '-fdata-sections' '-MMD' '-w' '-Os' '-v' '-o' 'cmTryCompileExec2640400376'
 /usr/lib/gcc/avr/4.8.2/collect2 -o cmTryCompileExec2640400376 -L/usr/lib/gcc/avr/4.8.2 -L/usr/lib/gcc/avr/4.8.2/../../../avr/lib --gc-sections CMakeFiles/cmTryCompileExec2640400376.dir/CMakeCCompilerABI.c.obj --start-group -lgcc -lm -lc --end-group
make[1]: Leaving directory `/home/ben/ClionProjects/Blackjack/build/CMakeFiles/CMakeTmp'


Parsed C implicit link information from above output:
  link line regex: [^( *|.*[/\])(avr-ld|([^/\]+-)?ld|collect2)[^/\]*( |$)]
  ignore line: [Change Dir: /home/ben/ClionProjects/Blackjack/build/CMakeFiles/CMakeTmp]
  ignore line: []
  ignore line: [Run Build Command:"/usr/bin/make" "cmTryCompileExec2640400376/fast"]
  ignore line: [/usr/bin/make -f CMakeFiles/cmTryCompileExec2640400376.dir/build.make CMakeFiles/cmTryCompileExec2640400376.dir/build]
  ignore line: [make[1]: Entering directory `/home/ben/ClionProjects/Blackjack/build/CMakeFiles/CMakeTmp']
  ignore line: [/usr/bin/cmake -E cmake_progress_report /home/ben/ClionProjects/Blackjack/build/CMakeFiles/CMakeTmp/CMakeFiles 1]
  ignore line: [Building C object CMakeFiles/cmTryCompileExec2640400376.dir/CMakeCCompilerABI.c.obj]
  ignore line: [/usr/bin/avr-gcc   -g -Os -w -ffunction-sections -fdata-sections -MMD    -o CMakeFiles/cmTryCompileExec2640400376.dir/CMakeCCompilerABI.c.obj   -c /usr/share/cmake-3.2/Modules/CMakeCCompilerABI.c]
  ignore line: [Linking C executable cmTryCompileExec2640400376]
  ignore line: [/usr/bin/cmake -E cmake_link_script CMakeFiles/cmTryCompileExec2640400376.dir/link.txt --verbose=1]
  ignore line: [/usr/bin/avr-gcc  -g -Os -w -ffunction-sections -fdata-sections -MMD   -w -Os -Wl,--gc-sections -v CMakeFiles/cmTryCompileExec2640400376.dir/CMakeCCompilerABI.c.obj  -o cmTryCompileExec2640400376   ]
  ignore line: [Using built-in specs.]
  ignore line: [COLLECT_GCC=/usr/bin/avr-gcc]
  ignore line: [COLLECT_LTO_WRAPPER=/usr/lib/gcc/avr/4.8.2/lto-wrapper]
  ignore line: [Target: avr]
  ignore line: [Configured with: ../src/configure -v --enable-languages=c,c++ --prefix=/usr/lib --infodir=/usr/share/info --mandir=/usr/share/man --bindir=/usr/bin --libexecdir=/usr/lib --libdir=/usr/lib --enable-shared --with-system-zlib --enable-long-long --enable-nls --without-included-gettext --disable-libssp --build=x86_64-linux-gnu --host=x86_64-linux-gnu --target=avr]
  ignore line: [Thread model: single]
  ignore line: [gcc version 4.8.2 (GCC) ]
  ignore line: [COMPILER_PATH=/usr/lib/gcc/avr/4.8.2/:/usr/lib/gcc/avr/4.8.2/:/usr/lib/gcc/avr/:/usr/lib/gcc/avr/4.8.2/:/usr/lib/gcc/avr/:/usr/lib/gcc/avr/4.8.2/../../../avr/bin/]
  ignore line: [LIBRARY_PATH=/usr/lib/gcc/avr/4.8.2/:/usr/lib/gcc/avr/4.8.2/../../../avr/lib/]
  ignore line: [COLLECT_GCC_OPTIONS='-g' '-Os' '-w' '-ffunction-sections' '-fdata-sections' '-MMD' '-w' '-Os' '-v' '-o' 'cmTryCompileExec2640400376']
  link line: [ /usr/lib/gcc/avr/4.8.2/collect2 -o cmTryCompileExec2640400376 -L/usr/lib/gcc/avr/4.8.2 -L/usr/lib/gcc/avr/4.8.2/../../../avr/lib --gc-sections CMakeFiles/cmTryCompileExec2640400376.dir/CMakeCCompilerABI.c.obj --start-group -lgcc -lm -lc --end-group]
    arg [/usr/lib/gcc/avr/4.8.2/collect2] ==> ignore
    arg [-o] ==> ignore
    arg [cmTryCompileExec2640400376] ==> ignore
    arg [-L/usr/lib/gcc/avr/4.8.2] ==> dir [/usr/lib/gcc/avr/4.8.2]
    arg [-L/usr/lib/gcc/avr/4.8.2/../../../avr/lib] ==> dir [/usr/lib/gcc/avr/4.8.2/../../../avr/lib]
    arg [--gc-sections] ==> ignore
    arg [CMakeFiles/cmTryCompileExec2640400376.dir/CMakeCCompilerABI.c.obj] ==> ignore
    arg [--start-group] ==> ignore
    arg [-lgcc] ==> lib [gcc]
    arg [-lm] ==> lib [m]
    arg [-lc] ==> lib [c]
    arg [--end-group] ==> ignore
  remove lib [gcc]
  collapse library dir [/usr/lib/gcc/avr/4.8.2] ==> [/usr/lib/gcc/avr/4.8.2]
  collapse library dir [/usr/lib/gcc/avr/4.8.2/../../../avr/lib] ==> [/usr/lib/avr/lib]
  implicit libs: [m;c]
  implicit dirs: [/usr/lib/gcc/avr/4.8.2;/usr/lib/avr/lib]
  implicit fwks: []


Determining if the CXX compiler works passed with the following output:
Change Dir: /home/ben/ClionProjects/Blackjack/build/CMakeFiles/CMakeTmp

Run Build Command:"/usr/bin/make" "cmTryCompileExec421164479/fast"
/usr/bin/make -f CMakeFiles/cmTryCompileExec421164479.dir/build.make CMakeFiles/cmTryCompileExec421164479.dir/build
make[1]: Entering directory `/home/ben/ClionProjects/Blackjack/build/CMakeFiles/CMakeTmp'
/usr/bin/cmake -E cmake_progress_report /home/ben/ClionProjects/Blackjack/build/CMakeFiles/CMakeTmp/CMakeFiles 1
Building CXX object CMakeFiles/cmTryCompileExec421164479.dir/testCXXCompiler.cxx.obj
/usr/bin/avr-g++    -g -Os -w -fno-exceptions -ffunction-sections -fdata-sections -fno-threadsafe-statics -MMD    -o CMakeFiles/cmTryCompileExec421164479.dir/testCXXCompiler.cxx.obj -c /home/ben/ClionProjects/Blackjack/build/CMakeFiles/CMakeTmp/testCXXCompiler.cxx
Linking CXX executable cmTryCompileExec421164479
/usr/bin/cmake -E cmake_link_script CMakeFiles/cmTryCompileExec421164479.dir/link.txt --verbose=1
/usr/bin/avr-g++   -g -Os -w -fno-exceptions -ffunction-sections -fdata-sections -fno-threadsafe-statics -MMD   -w -Os -Wl,--gc-sections  CMakeFiles/cmTryCompileExec421164479.dir/testCXXCompiler.cxx.obj  -o cmTryCompileExec421164479  
make[1]: Leaving directory `/home/ben/ClionProjects/Blackjack/build/CMakeFiles/CMakeTmp'


Detecting CXX compiler ABI info compiled with the following output:
Change Dir: /home/ben/ClionProjects/Blackjack/build/CMakeFiles/CMakeTmp

Run Build Command:"/usr/bin/make" "cmTryCompileExec1442502163/fast"
/usr/bin/make -f CMakeFiles/cmTryCompileExec1442502163.dir/build.make CMakeFiles/cmTryCompileExec1442502163.dir/build
make[1]: Entering directory `/home/ben/ClionProjects/Blackjack/build/CMakeFiles/CMakeTmp'
/usr/bin/cmake -E cmake_progress_report /home/ben/ClionProjects/Blackjack/build/CMakeFiles/CMakeTmp/CMakeFiles 1
Building CXX object CMakeFiles/cmTryCompileExec1442502163.dir/CMakeCXXCompilerABI.cpp.obj
/usr/bin/avr-g++    -g -Os -w -fno-exceptions -ffunction-sections -fdata-sections -fno-threadsafe-statics -MMD    -o CMakeFiles/cmTryCompileExec1442502163.dir/CMakeCXXCompilerABI.cpp.obj -c /usr/share/cmake-3.2/Modules/CMakeCXXCompilerABI.cpp
Linking CXX executable cmTryCompileExec1442502163
/usr/bin/cmake -E cmake_link_script CMakeFiles/cmTryCompileExec1442502163.dir/link.txt --verbose=1
/usr/bin/avr-g++   -g -Os -w -fno-exceptions -ffunction-sections -fdata-sections -fno-threadsafe-statics -MMD   -w -Os -Wl,--gc-sections -v CMakeFiles/cmTryCompileExec1442502163.dir/CMakeCXXCompilerABI.cpp.obj  -o cmTryCompileExec1442502163   
Using built-in specs.
COLLECT_GCC=/usr/bin/avr-g++
COLLECT_LTO_WRAPPER=/usr/lib/gcc/avr/4.8.2/lto-wrapper
Target: avr
Configured with: ../src/configure -v --enable-languages=c,c++ --prefix=/usr/lib --infodir=/usr/share/info --mandir=/usr/share/man --bindir=/usr/bin --libexecdir=/usr/lib --libdir=/usr/lib --enable-shared --with-system-zlib --enable-long-long --enable-nls --without-included-gettext --disable-libssp --build=x86_64-linux-gnu --host=x86_64-linux-gnu --target=avr
Thread model: single
gcc version 4.8.2 (GCC) 
COMPILER_PATH=/usr/lib/gcc/avr/4.8.2/:/usr/lib/gcc/avr/4.8.2/:/usr/lib/gcc/avr/:/usr/lib/gcc/avr/4.8.2/:/usr/lib/gcc/avr/:/usr/lib/gcc/avr/4.8.2/../../../avr/bin/
LIBRARY_PATH=/usr/lib/gcc/avr/4.8.2/:/usr/lib/gcc/avr/4.8.2/../../../avr/lib/
COLLECT_GCC_OPTIONS='-g' '-Os' '-w' '-fno-exceptions' '-ffunction-sections' '-fdata-sections' '-fno-threadsafe-statics' '-MMD' '-w' '-Os' '-v' '-o' 'cmTryCompileExec1442502163'
 /usr/lib/gcc/avr/4.8.2/collect2 -o cmTryCompileExec1442502163 -L/usr/lib/gcc/avr/4.8.2 -L/usr/lib/gcc/avr/4.8.2/../../../avr/lib --gc-sections CMakeFiles/cmTryCompileExec1442502163.dir/CMakeCXXCompilerABI.cpp.obj -lgcc -lm --start-group -lgcc -lm -lc --end-group
make[1]: Leaving directory `/home/ben/ClionProjects/Blackjack/build/CMakeFiles/CMakeTmp'


Parsed CXX implicit link information from above output:
  link line regex: [^( *|.*[/\])(avr-ld|([^/\]+-)?ld|collect2)[^/\]*( |$)]
  ignore line: [Change Dir: /home/ben/ClionProjects/Blackjack/build/CMakeFiles/CMakeTmp]
  ignore line: []
  ignore line: [Run Build Command:"/usr/bin/make" "cmTryCompileExec1442502163/fast"]
  ignore line: [/usr/bin/make -f CMakeFiles/cmTryCompileExec1442502163.dir/build.make CMakeFiles/cmTryCompileExec1442502163.dir/build]
  ignore line: [make[1]: Entering directory `/home/ben/ClionProjects/Blackjack/build/CMakeFiles/CMakeTmp']
  ignore line: [/usr/bin/cmake -E cmake_progress_report /home/ben/ClionProjects/Blackjack/build/CMakeFiles/CMakeTmp/CMakeFiles 1]
  ignore line: [Building CXX object CMakeFiles/cmTryCompileExec1442502163.dir/CMakeCXXCompilerABI.cpp.obj]
  ignore line: [/usr/bin/avr-g++    -g -Os -w -fno-exceptions -ffunction-sections -fdata-sections -fno-threadsafe-statics -MMD    -o CMakeFiles/cmTryCompileExec1442502163.dir/CMakeCXXCompilerABI.cpp.obj -c /usr/share/cmake-3.2/Modules/CMakeCXXCompilerABI.cpp]
  ignore line: [Linking CXX executable cmTryCompileExec1442502163]
  ignore line: [/usr/bin/cmake -E cmake_link_script CMakeFiles/cmTryCompileExec1442502163.dir/link.txt --verbose=1]
  ignore line: [/usr/bin/avr-g++   -g -Os -w -fno-exceptions -ffunction-sections -fdata-sections -fno-threadsafe-statics -MMD   -w -Os -Wl,--gc-sections -v CMakeFiles/cmTryCompileExec1442502163.dir/CMakeCXXCompilerABI.cpp.obj  -o cmTryCompileExec1442502163   ]
  ignore line: [Using built-in specs.]
  ignore line: [COLLECT_GCC=/usr/bin/avr-g++]
  ignore line: [COLLECT_LTO_WRAPPER=/usr/lib/gcc/avr/4.8.2/lto-wrapper]
  ignore line: [Target: avr]
  ignore line: [Configured with: ../src/configure -v --enable-languages=c,c++ --prefix=/usr/lib --infodir=/usr/share/info --mandir=/usr/share/man --bindir=/usr/bin --libexecdir=/usr/lib --libdir=/usr/lib --enable-shared --with-system-zlib --enable-long-long --enable-nls --without-included-gettext --disable-libssp --build=x86_64-linux-gnu --host=x86_64-linux-gnu --target=avr]
  ignore line: [Thread model: single]
  ignore line: [gcc version 4.8.2 (GCC) ]
  ignore line: [COMPILER_PATH=/usr/lib/gcc/avr/4.8.2/:/usr/lib/gcc/avr/4.8.2/:/usr/lib/gcc/avr/:/usr/lib/gcc/avr/4.8.2/:/usr/lib/gcc/avr/:/usr/lib/gcc/avr/4.8.2/../../../avr/bin/]
  ignore line: [LIBRARY_PATH=/usr/lib/gcc/avr/4.8.2/:/usr/lib/gcc/avr/4.8.2/../../../avr/lib/]
  ignore line: [COLLECT_GCC_OPTIONS='-g' '-Os' '-w' '-fno-exceptions' '-ffunction-sections' '-fdata-sections' '-fno-threadsafe-statics' '-MMD' '-w' '-Os' '-v' '-o' 'cmTryCompileExec1442502163']
  link line: [ /usr/lib/gcc/avr/4.8.2/collect2 -o cmTryCompileExec1442502163 -L/usr/lib/gcc/avr/4.8.2 -L/usr/lib/gcc/avr/4.8.2/../../../avr/lib --gc-sections CMakeFiles/cmTryCompileExec1442502163.dir/CMakeCXXCompilerABI.cpp.obj -lgcc -lm --start-group -lgcc -lm -lc --end-group]
    arg [/usr/lib/gcc/avr/4.8.2/collect2] ==> ignore
    arg [-o] ==> ignore
    arg [cmTryCompileExec1442502163] ==> ignore
    arg [-L/usr/lib/gcc/avr/4.8.2] ==> dir [/usr/lib/gcc/avr/4.8.2]
    arg [-L/usr/lib/gcc/avr/4.8.2/../../../avr/lib] ==> dir [/usr/lib/gcc/avr/4.8.2/../../../avr/lib]
    arg [--gc-sections] ==> ignore
    arg [CMakeFiles/cmTryCompileExec1442502163.dir/CMakeCXXCompilerABI.cpp.obj] ==> ignore
    arg [-lgcc] ==> lib [gcc]
    arg [-lm] ==> lib [m]
    arg [--start-group] ==> ignore
    arg [-lgcc] ==> lib [gcc]
    arg [-lm] ==> lib [m]
    arg [-lc] ==> lib [c]
    arg [--end-group] ==> ignore
  remove lib [gcc]
  remove lib [gcc]
  collapse library dir [/usr/lib/gcc/avr/4.8.2] ==> [/usr/lib/gcc/avr/4.8.2]
  collapse library dir [/usr/lib/gcc/avr/4.8.2/../../../avr/lib] ==> [/usr/lib/avr/lib]
  implicit libs: [m;m;c]
  implicit dirs: [/usr/lib/gcc/avr/4.8.2;/usr/lib/avr/lib]
  implicit fwks: []


